<?xml version="1.0" encoding="UTF-8"?>
<robot generator="Robot 7.2.2 (Python 3.13.2 on win32)" generated="2025-04-08T15:58:17.091479" rpa="false" schemaversion="5">
<suite id="s1" name="Tests" source="C:\Users\IB\Documents\RobotFramework2\Tests">
<suite id="s1-s1" name="Test1" source="C:\Users\IB\Documents\RobotFramework2\Tests\Test1.robot">
<kw name="Setup Browser" owner="browser_setup" type="SETUP">
<kw name="Open Browser" owner="SeleniumLibrary">
<msg time="2025-04-08T15:58:17.285878" level="INFO">Opening browser 'chrome' to base url 'https://www.saucedemo.com'.</msg>
<arg>${URL}</arg>
<arg>${browser}</arg>
<doc>Opens a new browser instance to the optional ``url``.</doc>
<status status="PASS" start="2025-04-08T15:58:17.285692" elapsed="1.497686"/>
</kw>
<kw name="Maximize Browser Window" owner="SeleniumLibrary">
<doc>Maximizes current browser window.</doc>
<status status="PASS" start="2025-04-08T15:58:18.783584" elapsed="0.018775"/>
</kw>
<arg>chrome</arg>
<status status="PASS" start="2025-04-08T15:58:17.285180" elapsed="1.517314"/>
</kw>
<test id="s1-s1-t1" name="Login valid" line="9">
<kw name="SeConnecter" owner="Test1">
<kw name="Input Text" owner="SeleniumLibrary">
<msg time="2025-04-08T15:58:18.803684" level="INFO">Typing text 'standard_user' into text field 'id=user-name'.</msg>
<arg>${locateurUsername}</arg>
<arg>standard_user</arg>
<doc>Types the given ``text`` into the text field identified by ``locator``.</doc>
<status status="PASS" start="2025-04-08T15:58:18.803405" elapsed="0.087870"/>
</kw>
<kw name="Input Text" owner="SeleniumLibrary">
<msg time="2025-04-08T15:58:18.891663" level="INFO">Typing text 'secret_sauce' into text field 'id=password'.</msg>
<arg>${locateurPassword}</arg>
<arg>secret_sauce</arg>
<doc>Types the given ``text`` into the text field identified by ``locator``.</doc>
<status status="PASS" start="2025-04-08T15:58:18.891447" elapsed="0.056708"/>
</kw>
<kw name="Click Element" owner="SeleniumLibrary">
<msg time="2025-04-08T15:58:18.948821" level="INFO">Clicking element 'id=login-button'.</msg>
<arg>${locateurLogin}</arg>
<doc>Click the element identified by ``locator``.</doc>
<status status="PASS" start="2025-04-08T15:58:18.948445" elapsed="0.073653"/>
</kw>
<kw name="Wait Until Element Is Visible" owner="SeleniumLibrary">
<arg>${locateurtitle}</arg>
<arg>5s</arg>
<doc>Waits until the element ``locator`` is visible.</doc>
<status status="PASS" start="2025-04-08T15:58:19.022262" elapsed="0.016078"/>
</kw>
<kw name="Page Should Contain" owner="SeleniumLibrary">
<msg time="2025-04-08T15:58:19.048136" level="INFO">Current page contains text 'Products'.</msg>
<arg>text=Products</arg>
<doc>Verifies that current page contains ``text``.</doc>
<status status="PASS" start="2025-04-08T15:58:19.038509" elapsed="0.009822"/>
</kw>
<status status="PASS" start="2025-04-08T15:58:18.803155" elapsed="0.245308"/>
</kw>
<tag>POEI20252-740</tag>
<status status="PASS" start="2025-04-08T15:58:18.802576" elapsed="0.246151"/>
</test>
<kw name="Teardown Browser" owner="browser_setup" type="TEARDOWN">
<kw name="Close Browser" owner="SeleniumLibrary">
<doc>Closes the current browser.</doc>
<status status="PASS" start="2025-04-08T15:58:19.049696" elapsed="2.143833"/>
</kw>
<status status="PASS" start="2025-04-08T15:58:19.049536" elapsed="2.144092"/>
</kw>
<status status="PASS" start="2025-04-08T15:58:17.111496" elapsed="4.082164"/>
</suite>
<suite id="s1-s2" name="Test2" source="C:\Users\IB\Documents\RobotFramework2\Tests\Test2.robot">
<kw name="Setup Browser" owner="browser_setup" type="SETUP">
<kw name="Open Browser" owner="SeleniumLibrary">
<msg time="2025-04-08T15:58:21.198184" level="INFO">Opening browser 'chrome' to base url 'https://www.saucedemo.com'.</msg>
<arg>${URL}</arg>
<arg>${browser}</arg>
<doc>Opens a new browser instance to the optional ``url``.</doc>
<status status="PASS" start="2025-04-08T15:58:21.198057" elapsed="1.389348"/>
</kw>
<kw name="Maximize Browser Window" owner="SeleniumLibrary">
<doc>Maximizes current browser window.</doc>
<status status="PASS" start="2025-04-08T15:58:22.587568" elapsed="0.031465"/>
</kw>
<arg>chrome</arg>
<status status="PASS" start="2025-04-08T15:58:21.197886" elapsed="1.421254"/>
</kw>
<test id="s1-s2-t1" name="Login invalid" line="10">
<kw name="Input Text" owner="SeleniumLibrary">
<msg time="2025-04-08T15:58:22.619843" level="INFO">Typing text 'standard_user' into text field 'id=user-name'.</msg>
<arg>${locateurUsername}</arg>
<arg>standard_user</arg>
<doc>Types the given ``text`` into the text field identified by ``locator``.</doc>
<status status="PASS" start="2025-04-08T15:58:22.619623" elapsed="0.086777"/>
</kw>
<kw name="Input Text" owner="SeleniumLibrary">
<msg time="2025-04-08T15:58:22.707041" level="INFO">Typing text 'secret_sauce1' into text field 'id=password'.</msg>
<arg>${locateurPassword}</arg>
<arg>secret_sauce1</arg>
<doc>Types the given ``text`` into the text field identified by ``locator``.</doc>
<status status="PASS" start="2025-04-08T15:58:22.706754" elapsed="0.073959"/>
</kw>
<kw name="Click Element" owner="SeleniumLibrary">
<msg time="2025-04-08T15:58:22.782009" level="INFO">Clicking element 'id=login-button'.</msg>
<arg>${locateurLogin}</arg>
<doc>Click the element identified by ``locator``.</doc>
<status status="PASS" start="2025-04-08T15:58:22.781499" elapsed="0.055440"/>
</kw>
<kw name="Wait Until Element Is Visible" owner="SeleniumLibrary">
<arg>${locateurError}</arg>
<arg>5s</arg>
<doc>Waits until the element ``locator`` is visible.</doc>
<status status="PASS" start="2025-04-08T15:58:22.837247" elapsed="0.016264"/>
</kw>
<kw name="Page Should Contain Element" owner="SeleniumLibrary">
<msg time="2025-04-08T15:58:22.858260" level="INFO">Current page contains element 'xpath=//h3[@data-test='error']'.</msg>
<arg>${locateurError}</arg>
<doc>Verifies that element ``locator`` is found on the current page.</doc>
<status status="PASS" start="2025-04-08T15:58:22.853826" elapsed="0.004486"/>
</kw>
<kw name="Page Should Contain" owner="SeleniumLibrary">
<msg time="2025-04-08T15:58:22.868367" level="INFO">Current page contains text 'Epic sadface: Username and password do not match any user in this service'.</msg>
<arg>text=Epic sadface: Username and password do not match any user in this service</arg>
<doc>Verifies that current page contains ``text``.</doc>
<status status="PASS" start="2025-04-08T15:58:22.858502" elapsed="0.009957"/>
</kw>
<tag>POEI20252-743</tag>
<status status="PASS" start="2025-04-08T15:58:22.619215" elapsed="0.249495"/>
</test>
<kw name="Teardown Browser" owner="browser_setup" type="TEARDOWN">
<kw name="Close Browser" owner="SeleniumLibrary">
<doc>Closes the current browser.</doc>
<status status="PASS" start="2025-04-08T15:58:22.869328" elapsed="2.126098"/>
</kw>
<status status="PASS" start="2025-04-08T15:58:22.869161" elapsed="2.126536"/>
</kw>
<status status="PASS" start="2025-04-08T15:58:21.194869" elapsed="3.800933"/>
</suite>
<suite id="s1-s3" name="Test3" source="C:\Users\IB\Documents\RobotFramework2\Tests\Test3.robot">
<kw name="Setup Browser" owner="browser_setup" type="SETUP">
<kw name="Open Browser" owner="SeleniumLibrary">
<msg time="2025-04-08T15:58:25.007564" level="INFO">Opening browser 'chrome' to base url 'https://www.saucedemo.com'.</msg>
<arg>${URL}</arg>
<arg>${browser}</arg>
<doc>Opens a new browser instance to the optional ``url``.</doc>
<status status="PASS" start="2025-04-08T15:58:25.007443" elapsed="1.462397"/>
</kw>
<kw name="Maximize Browser Window" owner="SeleniumLibrary">
<doc>Maximizes current browser window.</doc>
<status status="PASS" start="2025-04-08T15:58:26.470013" elapsed="0.031627"/>
</kw>
<arg>chrome</arg>
<status status="PASS" start="2025-04-08T15:58:25.007270" elapsed="1.494505"/>
</kw>
<test id="s1-s3-t1" name="Test de la page panier" line="10">
<kw name="SeConnecter" owner="Test1">
<kw name="Input Text" owner="SeleniumLibrary">
<msg time="2025-04-08T15:58:26.502723" level="INFO">Typing text 'standard_user' into text field 'id=user-name'.</msg>
<arg>${locateurUsername}</arg>
<arg>standard_user</arg>
<doc>Types the given ``text`` into the text field identified by ``locator``.</doc>
<status status="PASS" start="2025-04-08T15:58:26.502548" elapsed="0.087687"/>
</kw>
<kw name="Input Text" owner="SeleniumLibrary">
<msg time="2025-04-08T15:58:26.590884" level="INFO">Typing text 'secret_sauce' into text field 'id=password'.</msg>
<arg>${locateurPassword}</arg>
<arg>secret_sauce</arg>
<doc>Types the given ``text`` into the text field identified by ``locator``.</doc>
<status status="PASS" start="2025-04-08T15:58:26.590625" elapsed="0.059265"/>
</kw>
<kw name="Click Element" owner="SeleniumLibrary">
<msg time="2025-04-08T15:58:26.650352" level="INFO">Clicking element 'id=login-button'.</msg>
<arg>${locateurLogin}</arg>
<doc>Click the element identified by ``locator``.</doc>
<status status="PASS" start="2025-04-08T15:58:26.650106" elapsed="0.077358"/>
</kw>
<kw name="Wait Until Element Is Visible" owner="SeleniumLibrary">
<arg>${locateurtitle}</arg>
<arg>5s</arg>
<doc>Waits until the element ``locator`` is visible.</doc>
<status status="PASS" start="2025-04-08T15:58:26.727629" elapsed="0.016688"/>
</kw>
<kw name="Page Should Contain" owner="SeleniumLibrary">
<msg time="2025-04-08T15:58:26.756781" level="INFO">Current page contains text 'Products'.</msg>
<arg>text=Products</arg>
<doc>Verifies that current page contains ``text``.</doc>
<status status="PASS" start="2025-04-08T15:58:26.744500" elapsed="0.012374"/>
</kw>
<status status="PASS" start="2025-04-08T15:58:26.502333" elapsed="0.254617"/>
</kw>
<kw name="Ajout d'un produit au panier" owner="Test3">
<kw name="Wait Until Element Is Visible" owner="SeleniumLibrary">
<arg>${locateurtitle}</arg>
<arg>5s</arg>
<doc>Waits until the element ``locator`` is visible.</doc>
<status status="PASS" start="2025-04-08T15:58:26.757470" elapsed="0.011009"/>
</kw>
<kw name="Click Element" owner="SeleniumLibrary">
<msg time="2025-04-08T15:58:26.769060" level="INFO">Clicking element 'id=add-to-cart-sauce-labs-backpack'.</msg>
<arg>${locateurAddProduct}</arg>
<doc>Click the element identified by ``locator``.</doc>
<status status="PASS" start="2025-04-08T15:58:26.768790" elapsed="0.040667"/>
</kw>
<kw name="Wait Until Element Is Visible" owner="SeleniumLibrary">
<arg>${locateurelementPanier}</arg>
<arg>5s</arg>
<doc>Waits until the element ``locator`` is visible.</doc>
<status status="PASS" start="2025-04-08T15:58:26.809628" elapsed="0.012733"/>
</kw>
<kw name="Page Should Contain Element" owner="SeleniumLibrary">
<msg time="2025-04-08T15:58:26.826766" level="INFO">Current page contains element 'xpath=//a/span[@class='shopping_cart_badge']'.</msg>
<arg>${locateurelementPanier}</arg>
<doc>Verifies that element ``locator`` is found on the current page.</doc>
<status status="PASS" start="2025-04-08T15:58:26.822535" elapsed="0.004298"/>
</kw>
<kw name="Click Element" owner="SeleniumLibrary">
<msg time="2025-04-08T15:58:26.827114" level="INFO">Clicking element 'id=shopping_cart_container'.</msg>
<arg>${locateurPanier}</arg>
<doc>Click the element identified by ``locator``.</doc>
<status status="PASS" start="2025-04-08T15:58:26.826960" elapsed="0.040945"/>
</kw>
<kw name="Page Should Contain" owner="SeleniumLibrary">
<msg time="2025-04-08T15:58:26.876757" level="INFO">Current page contains text 'Your Cart'.</msg>
<arg>text=Your Cart</arg>
<doc>Verifies that current page contains ``text``.</doc>
<status status="PASS" start="2025-04-08T15:58:26.868078" elapsed="0.008764"/>
</kw>
<kw name="Page Should Contain Element" owner="SeleniumLibrary">
<msg time="2025-04-08T15:58:26.884499" level="INFO">Current page contains element 'xpath=//div[@class='cart_item']'.</msg>
<arg>${locateurProduct}</arg>
<doc>Verifies that element ``locator`` is found on the current page.</doc>
<status status="PASS" start="2025-04-08T15:58:26.876977" elapsed="0.007608"/>
</kw>
<status status="PASS" start="2025-04-08T15:58:26.757252" elapsed="0.127406"/>
</kw>
<tag>POEI20252-744</tag>
<status status="PASS" start="2025-04-08T15:58:26.501870" elapsed="0.383042"/>
</test>
<kw name="Teardown Browser" owner="browser_setup" type="TEARDOWN">
<kw name="Close Browser" owner="SeleniumLibrary">
<doc>Closes the current browser.</doc>
<status status="PASS" start="2025-04-08T15:58:26.885529" elapsed="2.125277"/>
</kw>
<status status="PASS" start="2025-04-08T15:58:26.885360" elapsed="2.125690"/>
</kw>
<status status="PASS" start="2025-04-08T15:58:24.998628" elapsed="4.012512"/>
</suite>
<suite id="s1-s4" name="Test4" source="C:\Users\IB\Documents\RobotFramework2\Tests\Test4.robot">
<kw name="Setup Browser" owner="browser_setup" type="SETUP">
<kw name="Open Browser" owner="SeleniumLibrary">
<msg time="2025-04-08T15:58:29.023252" level="INFO">Opening browser 'chrome' to base url 'https://www.saucedemo.com'.</msg>
<arg>${URL}</arg>
<arg>${browser}</arg>
<doc>Opens a new browser instance to the optional ``url``.</doc>
<status status="PASS" start="2025-04-08T15:58:29.023099" elapsed="1.396125"/>
</kw>
<kw name="Maximize Browser Window" owner="SeleniumLibrary">
<doc>Maximizes current browser window.</doc>
<status status="PASS" start="2025-04-08T15:58:30.419405" elapsed="0.017796"/>
</kw>
<arg>chrome</arg>
<status status="PASS" start="2025-04-08T15:58:29.022882" elapsed="1.414415"/>
</kw>
<test id="s1-s4-t1" name="Test d'achat complet" line="11">
<kw name="SeConnecter" owner="Test1">
<kw name="Input Text" owner="SeleniumLibrary">
<msg time="2025-04-08T15:58:30.438772" level="INFO">Typing text 'standard_user' into text field 'id=user-name'.</msg>
<arg>${locateurUsername}</arg>
<arg>standard_user</arg>
<doc>Types the given ``text`` into the text field identified by ``locator``.</doc>
<status status="PASS" start="2025-04-08T15:58:30.438500" elapsed="0.088899"/>
</kw>
<kw name="Input Text" owner="SeleniumLibrary">
<msg time="2025-04-08T15:58:30.527790" level="INFO">Typing text 'secret_sauce' into text field 'id=password'.</msg>
<arg>${locateurPassword}</arg>
<arg>secret_sauce</arg>
<doc>Types the given ``text`` into the text field identified by ``locator``.</doc>
<status status="PASS" start="2025-04-08T15:58:30.527579" elapsed="0.060320"/>
</kw>
<kw name="Click Element" owner="SeleniumLibrary">
<msg time="2025-04-08T15:58:30.588331" level="INFO">Clicking element 'id=login-button'.</msg>
<arg>${locateurLogin}</arg>
<doc>Click the element identified by ``locator``.</doc>
<status status="PASS" start="2025-04-08T15:58:30.588086" elapsed="0.071734"/>
</kw>
<kw name="Wait Until Element Is Visible" owner="SeleniumLibrary">
<arg>${locateurtitle}</arg>
<arg>5s</arg>
<doc>Waits until the element ``locator`` is visible.</doc>
<status status="PASS" start="2025-04-08T15:58:30.659988" elapsed="0.014768"/>
</kw>
<kw name="Page Should Contain" owner="SeleniumLibrary">
<msg time="2025-04-08T15:58:30.684516" level="INFO">Current page contains text 'Products'.</msg>
<arg>text=Products</arg>
<doc>Verifies that current page contains ``text``.</doc>
<status status="PASS" start="2025-04-08T15:58:30.674936" elapsed="0.009668"/>
</kw>
<status status="PASS" start="2025-04-08T15:58:30.438105" elapsed="0.246588"/>
</kw>
<kw name="Ajout d'un produit au panier" owner="Test3">
<kw name="Wait Until Element Is Visible" owner="SeleniumLibrary">
<arg>${locateurtitle}</arg>
<arg>5s</arg>
<doc>Waits until the element ``locator`` is visible.</doc>
<status status="PASS" start="2025-04-08T15:58:30.685214" elapsed="0.009706"/>
</kw>
<kw name="Click Element" owner="SeleniumLibrary">
<msg time="2025-04-08T15:58:30.695780" level="INFO">Clicking element 'id=add-to-cart-sauce-labs-backpack'.</msg>
<arg>${locateurAddProduct}</arg>
<doc>Click the element identified by ``locator``.</doc>
<status status="PASS" start="2025-04-08T15:58:30.695415" elapsed="0.050049"/>
</kw>
<kw name="Wait Until Element Is Visible" owner="SeleniumLibrary">
<arg>${locateurelementPanier}</arg>
<arg>5s</arg>
<doc>Waits until the element ``locator`` is visible.</doc>
<status status="PASS" start="2025-04-08T15:58:30.745627" elapsed="0.012032"/>
</kw>
<kw name="Page Should Contain Element" owner="SeleniumLibrary">
<msg time="2025-04-08T15:58:30.762124" level="INFO">Current page contains element 'xpath=//a/span[@class='shopping_cart_badge']'.</msg>
<arg>${locateurelementPanier}</arg>
<doc>Verifies that element ``locator`` is found on the current page.</doc>
<status status="PASS" start="2025-04-08T15:58:30.757822" elapsed="0.004424"/>
</kw>
<kw name="Click Element" owner="SeleniumLibrary">
<msg time="2025-04-08T15:58:30.762717" level="INFO">Clicking element 'id=shopping_cart_container'.</msg>
<arg>${locateurPanier}</arg>
<doc>Click the element identified by ``locator``.</doc>
<status status="PASS" start="2025-04-08T15:58:30.762534" elapsed="0.041792"/>
</kw>
<kw name="Page Should Contain" owner="SeleniumLibrary">
<msg time="2025-04-08T15:58:30.814382" level="INFO">Current page contains text 'Your Cart'.</msg>
<arg>text=Your Cart</arg>
<doc>Verifies that current page contains ``text``.</doc>
<status status="PASS" start="2025-04-08T15:58:30.804577" elapsed="0.009889"/>
</kw>
<kw name="Page Should Contain Element" owner="SeleniumLibrary">
<msg time="2025-04-08T15:58:30.821741" level="INFO">Current page contains element 'xpath=//div[@class='cart_item']'.</msg>
<arg>${locateurProduct}</arg>
<doc>Verifies that element ``locator`` is found on the current page.</doc>
<status status="PASS" start="2025-04-08T15:58:30.814643" elapsed="0.007173"/>
</kw>
<status status="PASS" start="2025-04-08T15:58:30.684987" elapsed="0.136902"/>
</kw>
<kw name="Finalisation de la commande" owner="Test4">
<kw name="Click Element" owner="SeleniumLibrary">
<msg time="2025-04-08T15:58:30.822506" level="INFO">Clicking element 'id=checkout'.</msg>
<arg>${locateurCheckout}</arg>
<doc>Click the element identified by ``locator``.</doc>
<status status="PASS" start="2025-04-08T15:58:30.822362" elapsed="0.041192"/>
</kw>
<kw name="Page Should Contain" owner="SeleniumLibrary">
<msg time="2025-04-08T15:58:30.873662" level="INFO">Current page contains text 'Checkout: Your Information'.</msg>
<arg>text=Checkout: Your Information</arg>
<doc>Verifies that current page contains ``text``.</doc>
<status status="PASS" start="2025-04-08T15:58:30.863726" elapsed="0.010021"/>
</kw>
<kw name="Input Text" owner="SeleniumLibrary">
<msg time="2025-04-08T15:58:30.874074" level="INFO">Typing text 'John' into text field 'id=first-name'.</msg>
<arg>${locateurFirstName}</arg>
<arg>John</arg>
<doc>Types the given ``text`` into the text field identified by ``locator``.</doc>
<status status="PASS" start="2025-04-08T15:58:30.873889" elapsed="0.053086"/>
</kw>
<kw name="Input Text" owner="SeleniumLibrary">
<msg time="2025-04-08T15:58:30.927344" level="INFO">Typing text 'Doe' into text field 'id=last-name'.</msg>
<arg>${locateurLastName}</arg>
<arg>Doe</arg>
<doc>Types the given ``text`` into the text field identified by ``locator``.</doc>
<status status="PASS" start="2025-04-08T15:58:30.927144" elapsed="0.049561"/>
</kw>
<kw name="Input Text" owner="SeleniumLibrary">
<msg time="2025-04-08T15:58:30.977071" level="INFO">Typing text '22222' into text field 'id=postal-code'.</msg>
<arg>${locateurPostalCode}</arg>
<arg>22222</arg>
<doc>Types the given ``text`` into the text field identified by ``locator``.</doc>
<status status="PASS" start="2025-04-08T15:58:30.976874" elapsed="0.049339"/>
</kw>
<kw name="Click Element" owner="SeleniumLibrary">
<msg time="2025-04-08T15:58:31.026593" level="INFO">Clicking element 'id=continue'.</msg>
<arg>${locateurContinue}</arg>
<doc>Click the element identified by ``locator``.</doc>
<status status="PASS" start="2025-04-08T15:58:31.026395" elapsed="0.047824"/>
</kw>
<kw name="Wait Until Page Contains Element" owner="SeleniumLibrary">
<arg>${locateurFinish}</arg>
<doc>Waits until the element ``locator`` appears on the current page.</doc>
<status status="PASS" start="2025-04-08T15:58:31.074400" elapsed="0.007399"/>
</kw>
<kw name="Click Element" owner="SeleniumLibrary">
<msg time="2025-04-08T15:58:31.082266" level="INFO">Clicking element 'id=finish'.</msg>
<arg>${locateurFinish}</arg>
<doc>Click the element identified by ``locator``.</doc>
<status status="PASS" start="2025-04-08T15:58:31.082002" elapsed="0.037960"/>
</kw>
<kw name="Wait Until Page Contains" owner="SeleniumLibrary">
<arg>text=Thank you for your order!</arg>
<doc>Waits until ``text`` appears on the current page.</doc>
<status status="PASS" start="2025-04-08T15:58:31.120126" elapsed="0.006754"/>
</kw>
<kw name="Page Should Contain" owner="SeleniumLibrary">
<msg time="2025-04-08T15:58:31.134444" level="INFO">Current page contains text 'Thank you for your order!'.</msg>
<arg>text=Thank you for your order!</arg>
<doc>Verifies that current page contains ``text``.</doc>
<status status="PASS" start="2025-04-08T15:58:31.127022" elapsed="0.007566"/>
</kw>
<status status="PASS" start="2025-04-08T15:58:30.822165" elapsed="0.312512"/>
</kw>
<tag>POEI20252-745</tag>
<status status="PASS" start="2025-04-08T15:58:30.437372" elapsed="0.697602"/>
</test>
<kw name="Teardown Browser" owner="browser_setup" type="TEARDOWN">
<kw name="Close Browser" owner="SeleniumLibrary">
<doc>Closes the current browser.</doc>
<status status="PASS" start="2025-04-08T15:58:31.135787" elapsed="2.142006"/>
</kw>
<status status="PASS" start="2025-04-08T15:58:31.135581" elapsed="2.142470"/>
</kw>
<status status="PASS" start="2025-04-08T15:58:29.013596" elapsed="4.264547"/>
</suite>
<status status="PASS" start="2025-04-08T15:58:17.092449" elapsed="16.188527"/>
</suite>
<statistics>
<total>
<stat pass="4" fail="0" skip="0">All Tests</stat>
</total>
<tag>
<stat pass="1" fail="0" skip="0">POEI20252-740</stat>
<stat pass="1" fail="0" skip="0">POEI20252-743</stat>
<stat pass="1" fail="0" skip="0">POEI20252-744</stat>
<stat pass="1" fail="0" skip="0">POEI20252-745</stat>
</tag>
<suite>
<stat name="Tests" id="s1" pass="4" fail="0" skip="0">Tests</stat>
<stat name="Test1" id="s1-s1" pass="1" fail="0" skip="0">Tests.Test1</stat>
<stat name="Test2" id="s1-s2" pass="1" fail="0" skip="0">Tests.Test2</stat>
<stat name="Test3" id="s1-s3" pass="1" fail="0" skip="0">Tests.Test3</stat>
<stat name="Test4" id="s1-s4" pass="1" fail="0" skip="0">Tests.Test4</stat>
</suite>
</statistics>
<errors>
</errors>
</robot>
